# JRE version: OpenJDK Runtime Environment (8.0_242-b01) (build 1.8.0_242-release-1644-b01)
# Java VM: OpenJDK 64-Bit Server VM (25.242-b01 mixed mode windows-amd64 compressed oops)
Heap:
 PSYoungGen      total 140800K, used 32559K [0x00000000d5580000, 0x00000000e4b00000, 0x0000000100000000)
  eden space 130048K, 16% used [0x00000000d5580000,0x00000000d6ad2a78,0x00000000dd480000)
  from space 10752K, 99% used [0x00000000dd480000,0x00000000ddef9260,0x00000000ddf00000)
  to   space 15360K, 0% used [0x00000000e3c00000,0x00000000e3c00000,0x00000000e4b00000)
 ParOldGen       total 91648K, used 9585K [0x0000000080000000, 0x0000000085980000, 0x00000000d5580000)
  object space 91648K, 10% used [0x0000000080000000,0x000000008095c790,0x0000000085980000)
 Metaspace       used 32945K, capacity 33720K, committed 33968K, reserved 1079296K
  class space    used 4504K, capacity 4743K, committed 4784K, reserved 1048576K
GC Heap History (10 events):
Event: 2.976 GC heap before
{Heap before GC invocations=2 (full 0):
 PSYoungGen      total 75776K, used 70747K [0x00000000d5580000, 0x00000000daa00000, 0x0000000100000000)
  eden space 65024K, 100% used [0x00000000d5580000,0x00000000d9500000,0x00000000d9500000)
  from space 10752K, 53% used [0x00000000d9500000,0x00000000d9a96cd0,0x00000000d9f80000)
  to   space 10752K, 0% used [0x00000000d9f80000,0x00000000d9f80000,0x00000000daa00000)
 ParOldGen       total 173568K, used 8K [0x0000000080000000, 0x000000008a980000, 0x00000000d5580000)
  object space 173568K, 0% used [0x0000000080000000,0x0000000080002000,0x000000008a980000)
 Metaspace       used 14863K, capacity 15384K, committed 15744K, reserved 1062912K
  class space    used 1959K, capacity 2094K, committed 2176K, reserved 1048576K
Event: 2.990 GC heap after
Heap after GC invocations=2 (full 0):
 PSYoungGen      total 75776K, used 9237K [0x00000000d5580000, 0x00000000daa00000, 0x0000000100000000)
  eden space 65024K, 0% used [0x00000000d5580000,0x00000000d5580000,0x00000000d9500000)
  from space 10752K, 85% used [0x00000000d9f80000,0x00000000da885678,0x00000000daa00000)
  to   space 10752K, 0% used [0x00000000d9500000,0x00000000d9500000,0x00000000d9f80000)
 ParOldGen       total 173568K, used 16K [0x0000000080000000, 0x000000008a980000, 0x00000000d5580000)
  object space 173568K, 0% used [0x0000000080000000,0x0000000080004000,0x000000008a980000)
 Metaspace       used 14863K, capacity 15384K, committed 15744K, reserved 1062912K
  class space    used 1959K, capacity 2094K, committed 2176K, reserved 1048576K
}
Event: 4.242 GC heap before
{Heap before GC invocations=3 (full 0):
 PSYoungGen      total 75776K, used 74261K [0x00000000d5580000, 0x00000000daa00000, 0x0000000100000000)
  eden space 65024K, 100% used [0x00000000d5580000,0x00000000d9500000,0x00000000d9500000)
  from space 10752K, 85% used [0x00000000d9f80000,0x00000000da885678,0x00000000daa00000)
  to   space 10752K, 0% used [0x00000000d9500000,0x00000000d9500000,0x00000000d9f80000)
 ParOldGen       total 173568K, used 16K [0x0000000080000000, 0x000000008a980000, 0x00000000d5580000)
  object space 173568K, 0% used [0x0000000080000000,0x0000000080004000,0x000000008a980000)
 Metaspace       used 20167K, capacity 20846K, committed 20992K, reserved 1067008K
  class space    used 2817K, capacity 3023K, committed 3072K, reserved 1048576K
Event: 4.272 GC heap after
Heap after GC invocations=3 (full 0):
 PSYoungGen      total 75776K, used 10740K [0x00000000d5580000, 0x00000000de980000, 0x0000000100000000)
  eden space 65024K, 0% used [0x00000000d5580000,0x00000000d5580000,0x00000000d9500000)
  from space 10752K, 99% used [0x00000000d9500000,0x00000000d9f7d110,0x00000000d9f80000)
  to   space 10752K, 0% used [0x00000000ddf00000,0x00000000ddf00000,0x00000000de980000)
 ParOldGen       total 173568K, used 1094K [0x0000000080000000, 0x000000008a980000, 0x00000000d5580000)
  object space 173568K, 0% used [0x0000000080000000,0x0000000080111af8,0x000000008a980000)
 Metaspace       used 20167K, capacity 20846K, committed 20992K, reserved 1067008K
  class space    used 2817K, capacity 3023K, committed 3072K, reserved 1048576K
}
Event: 4.348 GC heap before
{Heap before GC invocations=4 (full 0):
 PSYoungGen      total 75776K, used 16714K [0x00000000d5580000, 0x00000000de980000, 0x0000000100000000)
  eden space 65024K, 9% used [0x00000000d5580000,0x00000000d5b55a68,0x00000000d9500000)
  from space 10752K, 99% used [0x00000000d9500000,0x00000000d9f7d110,0x00000000d9f80000)
  to   space 10752K, 0% used [0x00000000ddf00000,0x00000000ddf00000,0x00000000de980000)
 ParOldGen       total 173568K, used 1094K [0x0000000080000000, 0x000000008a980000, 0x00000000d5580000)
  object space 173568K, 0% used [0x0000000080000000,0x0000000080111af8,0x000000008a980000)
 Metaspace       used 20527K, capacity 21236K, committed 21296K, reserved 1067008K
  class space    used 2871K, capacity 3088K, committed 3120K, reserved 1048576K
Event: 4.355 GC heap after
Heap after GC invocations=4 (full 0):
 PSYoungGen      total 140800K, used 7342K [0x00000000d5580000, 0x00000000de980000, 0x0000000100000000)
  eden space 130048K, 0% used [0x00000000d5580000,0x00000000d5580000,0x00000000dd480000)
  from space 10752K, 68% used [0x00000000ddf00000,0x00000000de62b9e0,0x00000000de980000)
  to   space 10752K, 0% used [0x00000000dd480000,0x00000000dd480000,0x00000000ddf00000)
 ParOldGen       total 173568K, used 1102K [0x0000000080000000, 0x000000008a980000, 0x00000000d5580000)
  object space 173568K, 0% used [0x0000000080000000,0x0000000080113af8,0x000000008a980000)
 Metaspace       used 20527K, capacity 21236K, committed 21296K, reserved 1067008K
  class space    used 2871K, capacity 3088K, committed 3120K, reserved 1048576K
}
Event: 4.355 GC heap before
{Heap before GC invocations=5 (full 1):
 PSYoungGen      total 140800K, used 7342K [0x00000000d5580000, 0x00000000de980000, 0x0000000100000000)
  eden space 130048K, 0% used [0x00000000d5580000,0x00000000d5580000,0x00000000dd480000)
  from space 10752K, 68% used [0x00000000ddf00000,0x00000000de62b9e0,0x00000000de980000)
  to   space 10752K, 0% used [0x00000000dd480000,0x00000000dd480000,0x00000000ddf00000)
 ParOldGen       total 173568K, used 1102K [0x0000000080000000, 0x000000008a980000, 0x00000000d5580000)
  object space 173568K, 0% used [0x0000000080000000,0x0000000080113af8,0x000000008a980000)
 Metaspace       used 20527K, capacity 21236K, committed 21296K, reserved 1067008K
  class space    used 2871K, capacity 3088K, committed 3120K, reserved 1048576K
Event: 4.403 GC heap after
Heap after GC invocations=5 (full 1):
 PSYoungGen      total 140800K, used 0K [0x00000000d5580000, 0x00000000de980000, 0x0000000100000000)
  eden space 130048K, 0% used [0x00000000d5580000,0x00000000d5580000,0x00000000dd480000)
  from space 10752K, 0% used [0x00000000ddf00000,0x00000000ddf00000,0x00000000de980000)
  to   space 10752K, 0% used [0x00000000dd480000,0x00000000dd480000,0x00000000ddf00000)
 ParOldGen       total 91648K, used 7214K [0x0000000080000000, 0x0000000085980000, 0x00000000d5580000)
  object space 91648K, 7% used [0x0000000080000000,0x000000008070b820,0x0000000085980000)
 Metaspace       used 20527K, capacity 21236K, committed 21296K, reserved 1067008K
  class space    used 2871K, capacity 3088K, committed 3120K, reserved 1048576K
}
Event: 5.818 GC heap before
{Heap before GC invocations=6 (full 1):
 PSYoungGen      total 140800K, used 130048K [0x00000000d5580000, 0x00000000de980000, 0x0000000100000000)
  eden space 130048K, 100% used [0x00000000d5580000,0x00000000dd480000,0x00000000dd480000)
  from space 10752K, 0% used [0x00000000ddf00000,0x00000000ddf00000,0x00000000de980000)
  to   space 10752K, 0% used [0x00000000dd480000,0x00000000dd480000,0x00000000ddf00000)
 ParOldGen       total 91648K, used 7214K [0x0000000080000000, 0x0000000085980000, 0x00000000d5580000)
  object space 91648K, 7% used [0x0000000080000000,0x000000008070b820,0x0000000085980000)
 Metaspace       used 31975K, capacity 32792K, committed 33072K, reserved 1077248K
  class space    used 4353K, capacity 4610K, committed 4656K, reserved 1048576K
Event: 5.834 GC heap after
Heap after GC invocations=6 (full 1):
 PSYoungGen      total 140800K, used 10724K [0x00000000d5580000, 0x00000000e4b00000, 0x0000000100000000)
  eden space 130048K, 0% used [0x00000000d5580000,0x00000000d5580000,0x00000000dd480000)
  from space 10752K, 99% used [0x00000000dd480000,0x00000000ddef9260,0x00000000ddf00000)
  to   space 15360K, 0% used [0x00000000e3c00000,0x00000000e3c00000,0x00000000e4b00000)
 ParOldGen       total 91648K, used 9585K [0x0000000080000000, 0x0000000085980000, 0x00000000d5580000)
  object space 91648K, 10% used [0x0000000080000000,0x000000008095c790,0x0000000085980000)
 Metaspace       used 31975K, capacity 32792K, committed 33072K, reserved 1077248K
  class space    used 4353K, capacity 4610K, committed 4656K, reserved 1048576K
}

