# JRE version: OpenJDK Runtime Environment (8.0_242-b01) (build 1.8.0_242-release-1644-b01)
# Java VM: OpenJDK 64-Bit Server VM (25.242-b01 mixed mode windows-amd64 compressed oops)
Heap:
 PSYoungGen      total 190464K, used 78864K [0x00000000d5580000, 0x00000000e5d00000, 0x0000000100000000)
  eden space 177152K, 37% used [0x00000000d5580000,0x00000000d9587688,0x00000000e0280000)
  from space 13312K, 99% used [0x00000000e0280000,0x00000000e0f7ccb0,0x00000000e0f80000)
  to   space 18944K, 0% used [0x00000000e4a80000,0x00000000e4a80000,0x00000000e5d00000)
 ParOldGen       total 145408K, used 29192K [0x0000000080000000, 0x0000000088e00000, 0x00000000d5580000)
  object space 145408K, 20% used [0x0000000080000000,0x0000000081c82048,0x0000000088e00000)
 Metaspace       used 64429K, capacity 67428K, committed 67608K, reserved 1107968K
  class space    used 8782K, capacity 9395K, committed 9520K, reserved 1048576K
GC Heap History (10 events):
Event: 8.942 GC heap before
{Heap before GC invocations=10 (full 2):
 PSYoungGen      total 119808K, used 108032K [0x00000000d5580000, 0x00000000e1c80000, 0x0000000100000000)
  eden space 108032K, 100% used [0x00000000d5580000,0x00000000dbf00000,0x00000000dbf00000)
  from space 11776K, 0% used [0x00000000dbf00000,0x00000000dbf00000,0x00000000dca80000)
  to   space 11776K, 0% used [0x00000000e1100000,0x00000000e1100000,0x00000000e1c80000)
 ParOldGen       total 145408K, used 15251K [0x0000000080000000, 0x0000000088e00000, 0x00000000d5580000)
  object space 145408K, 10% used [0x0000000080000000,0x0000000080ee4db0,0x0000000088e00000)
 Metaspace       used 44086K, capacity 45564K, committed 45736K, reserved 1089536K
  class space    used 5956K, capacity 6318K, committed 6320K, reserved 1048576K
Event: 8.965 GC heap after
Heap after GC invocations=10 (full 2):
 PSYoungGen      total 168960K, used 11765K [0x00000000d5580000, 0x00000000e1c80000, 0x0000000100000000)
  eden space 157184K, 0% used [0x00000000d5580000,0x00000000d5580000,0x00000000def00000)
  from space 11776K, 99% used [0x00000000e1100000,0x00000000e1c7d4b8,0x00000000e1c80000)
  to   space 13312K, 0% used [0x00000000e0280000,0x00000000e0280000,0x00000000e0f80000)
 ParOldGen       total 145408K, used 16458K [0x0000000080000000, 0x0000000088e00000, 0x00000000d5580000)
  object space 145408K, 11% used [0x0000000080000000,0x0000000081012880,0x0000000088e00000)
 Metaspace       used 44086K, capacity 45564K, committed 45736K, reserved 1089536K
  class space    used 5956K, capacity 6318K, committed 6320K, reserved 1048576K
}
Event: 12.146 GC heap before
{Heap before GC invocations=11 (full 2):
 PSYoungGen      total 168960K, used 168949K [0x00000000d5580000, 0x00000000e1c80000, 0x0000000100000000)
  eden space 157184K, 100% used [0x00000000d5580000,0x00000000def00000,0x00000000def00000)
  from space 11776K, 99% used [0x00000000e1100000,0x00000000e1c7d4b8,0x00000000e1c80000)
  to   space 13312K, 0% used [0x00000000e0280000,0x00000000e0280000,0x00000000e0f80000)
 ParOldGen       total 145408K, used 16458K [0x0000000080000000, 0x0000000088e00000, 0x00000000d5580000)
  object space 145408K, 11% used [0x0000000080000000,0x0000000081012880,0x0000000088e00000)
 Metaspace       used 56505K, capacity 58606K, committed 58664K, reserved 1099776K
  class space    used 7744K, capacity 8202K, committed 8240K, reserved 1048576K
Event: 12.175 GC heap after
Heap after GC invocations=11 (full 2):
 PSYoungGen      total 190464K, used 13308K [0x00000000d5580000, 0x00000000e3b00000, 0x0000000100000000)
  eden space 177152K, 0% used [0x00000000d5580000,0x00000000d5580000,0x00000000e0280000)
  from space 13312K, 99% used [0x00000000e0280000,0x00000000e0f7f340,0x00000000e0f80000)
  to   space 18944K, 0% used [0x00000000e2880000,0x00000000e2880000,0x00000000e3b00000)
 ParOldGen       total 145408K, used 27167K [0x0000000080000000, 0x0000000088e00000, 0x00000000d5580000)
  object space 145408K, 18% used [0x0000000080000000,0x0000000081a87c98,0x0000000088e00000)
 Metaspace       used 56505K, capacity 58606K, committed 58664K, reserved 1099776K
  class space    used 7744K, capacity 8202K, committed 8240K, reserved 1048576K
}
Event: 12.359 GC heap before
{Heap before GC invocations=12 (full 2):
 PSYoungGen      total 190464K, used 21265K [0x00000000d5580000, 0x00000000e3b00000, 0x0000000100000000)
  eden space 177152K, 4% used [0x00000000d5580000,0x00000000d5d453b8,0x00000000e0280000)
  from space 13312K, 99% used [0x00000000e0280000,0x00000000e0f7f340,0x00000000e0f80000)
  to   space 18944K, 0% used [0x00000000e2880000,0x00000000e2880000,0x00000000e3b00000)
 ParOldGen       total 145408K, used 27167K [0x0000000080000000, 0x0000000088e00000, 0x00000000d5580000)
  object space 145408K, 18% used [0x0000000080000000,0x0000000081a87c98,0x0000000088e00000)
 Metaspace       used 57055K, capacity 59042K, committed 59160K, reserved 1099776K
  class space    used 7809K, capacity 8238K, committed 8240K, reserved 1048576K
Event: 12.382 GC heap after
Heap after GC invocations=12 (full 2):
 PSYoungGen      total 196096K, used 9018K [0x00000000d5580000, 0x00000000e3b00000, 0x0000000100000000)
  eden space 177152K, 0% used [0x00000000d5580000,0x00000000d5580000,0x00000000e0280000)
  from space 18944K, 47% used [0x00000000e2880000,0x00000000e314e8f0,0x00000000e3b00000)
  to   space 13312K, 0% used [0x00000000e0280000,0x00000000e0280000,0x00000000e0f80000)
 ParOldGen       total 145408K, used 32034K [0x0000000080000000, 0x0000000088e00000, 0x00000000d5580000)
  object space 145408K, 22% used [0x0000000080000000,0x0000000081f489f0,0x0000000088e00000)
 Metaspace       used 57055K, capacity 59042K, committed 59160K, reserved 1099776K
  class space    used 7809K, capacity 8238K, committed 8240K, reserved 1048576K
}
Event: 12.382 GC heap before
{Heap before GC invocations=13 (full 3):
 PSYoungGen      total 196096K, used 9018K [0x00000000d5580000, 0x00000000e3b00000, 0x0000000100000000)
  eden space 177152K, 0% used [0x00000000d5580000,0x00000000d5580000,0x00000000e0280000)
  from space 18944K, 47% used [0x00000000e2880000,0x00000000e314e8f0,0x00000000e3b00000)
  to   space 13312K, 0% used [0x00000000e0280000,0x00000000e0280000,0x00000000e0f80000)
 ParOldGen       total 145408K, used 32034K [0x0000000080000000, 0x0000000088e00000, 0x00000000d5580000)
  object space 145408K, 22% used [0x0000000080000000,0x0000000081f489f0,0x0000000088e00000)
 Metaspace       used 57055K, capacity 59042K, committed 59160K, reserved 1099776K
  class space    used 7809K, capacity 8238K, committed 8240K, reserved 1048576K
Event: 12.655 GC heap after
Heap after GC invocations=13 (full 3):
 PSYoungGen      total 196096K, used 0K [0x00000000d5580000, 0x00000000e3b00000, 0x0000000100000000)
  eden space 177152K, 0% used [0x00000000d5580000,0x00000000d5580000,0x00000000e0280000)
  from space 18944K, 0% used [0x00000000e2880000,0x00000000e2880000,0x00000000e3b00000)
  to   space 13312K, 0% used [0x00000000e0280000,0x00000000e0280000,0x00000000e0f80000)
 ParOldGen       total 145408K, used 27989K [0x0000000080000000, 0x0000000088e00000, 0x00000000d5580000)
  object space 145408K, 19% used [0x0000000080000000,0x0000000081b55448,0x0000000088e00000)
 Metaspace       used 57055K, capacity 59042K, committed 59160K, reserved 1099776K
  class space    used 7809K, capacity 8238K, committed 8240K, reserved 1048576K
}
Event: 17.333 GC heap before
{Heap before GC invocations=14 (full 3):
 PSYoungGen      total 196096K, used 177152K [0x00000000d5580000, 0x00000000e3b00000, 0x0000000100000000)
  eden space 177152K, 100% used [0x00000000d5580000,0x00000000e0280000,0x00000000e0280000)
  from space 18944K, 0% used [0x00000000e2880000,0x00000000e2880000,0x00000000e3b00000)
  to   space 13312K, 0% used [0x00000000e0280000,0x00000000e0280000,0x00000000e0f80000)
 ParOldGen       total 145408K, used 27989K [0x0000000080000000, 0x0000000088e00000, 0x00000000d5580000)
  object space 145408K, 19% used [0x0000000080000000,0x0000000081b55448,0x0000000088e00000)
 Metaspace       used 63824K, capacity 66778K, committed 66968K, reserved 1107968K
  class space    used 8734K, capacity 9330K, committed 9392K, reserved 1048576K
Event: 17.348 GC heap after
Heap after GC invocations=14 (full 3):
 PSYoungGen      total 190464K, used 13299K [0x00000000d5580000, 0x00000000e5d00000, 0x0000000100000000)
  eden space 177152K, 0% used [0x00000000d5580000,0x00000000d5580000,0x00000000e0280000)
  from space 13312K, 99% used [0x00000000e0280000,0x00000000e0f7ccb0,0x00000000e0f80000)
  to   space 18944K, 0% used [0x00000000e4a80000,0x00000000e4a80000,0x00000000e5d00000)
 ParOldGen       total 145408K, used 29192K [0x0000000080000000, 0x0000000088e00000, 0x00000000d5580000)
  object space 145408K, 20% used [0x0000000080000000,0x0000000081c82048,0x0000000088e00000)
 Metaspace       used 63824K, capacity 66778K, committed 66968K, reserved 1107968K
  class space    used 8734K, capacity 9330K, committed 9392K, reserved 1048576K
}

