# JRE version: OpenJDK Runtime Environment (8.0_242-b01) (build 1.8.0_242-release-1644-b01)
# Java VM: OpenJDK 64-Bit Server VM (25.242-b01 mixed mode windows-amd64 compressed oops)
Heap:
 PSYoungGen      total 189440K, used 175016K [0x00000000d5580000, 0x00000000e1e00000, 0x0000000100000000)
  eden space 176128K, 99% used [0x00000000d5580000,0x00000000e006a268,0x00000000e0180000)
  from space 13312K, 0% used [0x00000000e0180000,0x00000000e0180000,0x00000000e0e80000)
  to   space 11264K, 0% used [0x00000000e0e80000,0x00000000e0e80000,0x00000000e1980000)
 ParOldGen       total 183296K, used 36135K [0x0000000080000000, 0x000000008b300000, 0x00000000d5580000)
  object space 183296K, 19% used [0x0000000080000000,0x0000000082349dc0,0x000000008b300000)
 Metaspace       used 63319K, capacity 66164K, committed 66472K, reserved 1105920K
  class space    used 8700K, capacity 9289K, committed 9392K, reserved 1048576K
GC Heap History (10 events):
Event: 14.783 GC heap before
{Heap before GC invocations=8 (full 1):
 PSYoungGen      total 121856K, used 58232K [0x00000000d5580000, 0x00000000dd800000, 0x0000000100000000)
  eden space 109568K, 45% used [0x00000000d5580000,0x00000000d85fcce0,0x00000000dc080000)
  from space 12288K, 69% used [0x00000000dcc00000,0x00000000dd461410,0x00000000dd800000)
  to   space 11776K, 0% used [0x00000000dc080000,0x00000000dc080000,0x00000000dcc00000)
 ParOldGen       total 92160K, used 7251K [0x0000000080000000, 0x0000000085a00000, 0x00000000d5580000)
  object space 92160K, 7% used [0x0000000080000000,0x0000000080714d90,0x0000000085a00000)
 Metaspace       used 34472K, capacity 35354K, committed 35496K, reserved 1079296K
  class space    used 4726K, capacity 4938K, committed 5040K, reserved 1048576K
Event: 14.792 GC heap after
Heap after GC invocations=8 (full 1):
 PSYoungGen      total 121344K, used 8602K [0x00000000d5580000, 0x00000000e1980000, 0x0000000100000000)
  eden space 109568K, 0% used [0x00000000d5580000,0x00000000d5580000,0x00000000dc080000)
  from space 11776K, 73% used [0x00000000dc080000,0x00000000dc8e69a8,0x00000000dcc00000)
  to   space 11264K, 0% used [0x00000000e0e80000,0x00000000e0e80000,0x00000000e1980000)
 ParOldGen       total 92160K, used 7259K [0x0000000080000000, 0x0000000085a00000, 0x00000000d5580000)
  object space 92160K, 7% used [0x0000000080000000,0x0000000080716d90,0x0000000085a00000)
 Metaspace       used 34472K, capacity 35354K, committed 35496K, reserved 1079296K
  class space    used 4726K, capacity 4938K, committed 5040K, reserved 1048576K
}
Event: 14.792 GC heap before
{Heap before GC invocations=9 (full 2):
 PSYoungGen      total 121344K, used 8602K [0x00000000d5580000, 0x00000000e1980000, 0x0000000100000000)
  eden space 109568K, 0% used [0x00000000d5580000,0x00000000d5580000,0x00000000dc080000)
  from space 11776K, 73% used [0x00000000dc080000,0x00000000dc8e69a8,0x00000000dcc00000)
  to   space 11264K, 0% used [0x00000000e0e80000,0x00000000e0e80000,0x00000000e1980000)
 ParOldGen       total 92160K, used 7259K [0x0000000080000000, 0x0000000085a00000, 0x00000000d5580000)
  object space 92160K, 7% used [0x0000000080000000,0x0000000080716d90,0x0000000085a00000)
 Metaspace       used 34472K, capacity 35354K, committed 35496K, reserved 1079296K
  class space    used 4726K, capacity 4938K, committed 5040K, reserved 1048576K
Event: 14.848 GC heap after
Heap after GC invocations=9 (full 2):
 PSYoungGen      total 121344K, used 0K [0x00000000d5580000, 0x00000000e1980000, 0x0000000100000000)
  eden space 109568K, 0% used [0x00000000d5580000,0x00000000d5580000,0x00000000dc080000)
  from space 11776K, 0% used [0x00000000dc080000,0x00000000dc080000,0x00000000dcc00000)
  to   space 11264K, 0% used [0x00000000e0e80000,0x00000000e0e80000,0x00000000e1980000)
 ParOldGen       total 126464K, used 15213K [0x0000000080000000, 0x0000000087b80000, 0x00000000d5580000)
  object space 126464K, 12% used [0x0000000080000000,0x0000000080edb440,0x0000000087b80000)
 Metaspace       used 34472K, capacity 35354K, committed 35496K, reserved 1079296K
  class space    used 4726K, capacity 4938K, committed 5040K, reserved 1048576K
}
Event: 34.117 GC heap before
{Heap before GC invocations=10 (full 2):
 PSYoungGen      total 121344K, used 109568K [0x00000000d5580000, 0x00000000e1980000, 0x0000000100000000)
  eden space 109568K, 100% used [0x00000000d5580000,0x00000000dc080000,0x00000000dc080000)
  from space 11776K, 0% used [0x00000000dc080000,0x00000000dc080000,0x00000000dcc00000)
  to   space 11264K, 0% used [0x00000000e0e80000,0x00000000e0e80000,0x00000000e1980000)
 ParOldGen       total 126464K, used 15213K [0x0000000080000000, 0x0000000087b80000, 0x00000000d5580000)
  object space 126464K, 12% used [0x0000000080000000,0x0000000080edb440,0x0000000087b80000)
 Metaspace       used 44239K, capacity 45790K, committed 46120K, reserved 1089536K
  class space    used 5995K, capacity 6369K, committed 6448K, reserved 1048576K
Event: 34.138 GC heap after
Heap after GC invocations=10 (full 2):
 PSYoungGen      total 187392K, used 11260K [0x00000000d5580000, 0x00000000e1e00000, 0x0000000100000000)
  eden space 176128K, 0% used [0x00000000d5580000,0x00000000d5580000,0x00000000e0180000)
  from space 11264K, 99% used [0x00000000e0e80000,0x00000000e197f0d8,0x00000000e1980000)
  to   space 13312K, 0% used [0x00000000e0180000,0x00000000e0180000,0x00000000e0e80000)
 ParOldGen       total 126464K, used 17141K [0x0000000080000000, 0x0000000087b80000, 0x00000000d5580000)
  object space 126464K, 13% used [0x0000000080000000,0x00000000810bd518,0x0000000087b80000)
 Metaspace       used 44239K, capacity 45790K, committed 46120K, reserved 1089536K
  class space    used 5995K, capacity 6369K, committed 6448K, reserved 1048576K
}
Event: 38.700 GC heap before
{Heap before GC invocations=11 (full 2):
 PSYoungGen      total 187392K, used 170213K [0x00000000d5580000, 0x00000000e1e00000, 0x0000000100000000)
  eden space 176128K, 90% used [0x00000000d5580000,0x00000000df0ba3b8,0x00000000e0180000)
  from space 11264K, 99% used [0x00000000e0e80000,0x00000000e197f0d8,0x00000000e1980000)
  to   space 13312K, 0% used [0x00000000e0180000,0x00000000e0180000,0x00000000e0e80000)
 ParOldGen       total 126464K, used 17141K [0x0000000080000000, 0x0000000087b80000, 0x00000000d5580000)
  object space 126464K, 13% used [0x0000000080000000,0x00000000810bd518,0x0000000087b80000)
 Metaspace       used 56961K, capacity 59062K, committed 59160K, reserved 1099776K
  class space    used 7814K, capacity 8286K, committed 8368K, reserved 1048576K
Event: 38.727 GC heap after
Heap after GC invocations=11 (full 2):
 PSYoungGen      total 189440K, used 13308K [0x00000000d5580000, 0x00000000e1e00000, 0x0000000100000000)
  eden space 176128K, 0% used [0x00000000d5580000,0x00000000d5580000,0x00000000e0180000)
  from space 13312K, 99% used [0x00000000e0180000,0x00000000e0e7f360,0x00000000e0e80000)
  to   space 11264K, 0% used [0x00000000e0e80000,0x00000000e0e80000,0x00000000e1980000)
 ParOldGen       total 126464K, used 28218K [0x0000000080000000, 0x0000000087b80000, 0x00000000d5580000)
  object space 126464K, 22% used [0x0000000080000000,0x0000000081b8e940,0x0000000087b80000)
 Metaspace       used 56961K, capacity 59062K, committed 59160K, reserved 1099776K
  class space    used 7814K, capacity 8286K, committed 8368K, reserved 1048576K
}
Event: 38.727 GC heap before
{Heap before GC invocations=12 (full 3):
 PSYoungGen      total 189440K, used 13308K [0x00000000d5580000, 0x00000000e1e00000, 0x0000000100000000)
  eden space 176128K, 0% used [0x00000000d5580000,0x00000000d5580000,0x00000000e0180000)
  from space 13312K, 99% used [0x00000000e0180000,0x00000000e0e7f360,0x00000000e0e80000)
  to   space 11264K, 0% used [0x00000000e0e80000,0x00000000e0e80000,0x00000000e1980000)
 ParOldGen       total 126464K, used 28218K [0x0000000080000000, 0x0000000087b80000, 0x00000000d5580000)
  object space 126464K, 22% used [0x0000000080000000,0x0000000081b8e940,0x0000000087b80000)
 Metaspace       used 56961K, capacity 59062K, committed 59160K, reserved 1099776K
  class space    used 7814K, capacity 8286K, committed 8368K, reserved 1048576K
Event: 39.087 GC heap after
Heap after GC invocations=12 (full 3):
 PSYoungGen      total 189440K, used 0K [0x00000000d5580000, 0x00000000e1e00000, 0x0000000100000000)
  eden space 176128K, 0% used [0x00000000d5580000,0x00000000d5580000,0x00000000e0180000)
  from space 13312K, 0% used [0x00000000e0180000,0x00000000e0180000,0x00000000e0e80000)
  to   space 11264K, 0% used [0x00000000e0e80000,0x00000000e0e80000,0x00000000e1980000)
 ParOldGen       total 183296K, used 36135K [0x0000000080000000, 0x000000008b300000, 0x00000000d5580000)
  object space 183296K, 19% used [0x0000000080000000,0x0000000082349dc0,0x000000008b300000)
 Metaspace       used 56950K, capacity 59026K, committed 59160K, reserved 1099776K
  class space    used 7811K, capacity 8280K, committed 8368K, reserved 1048576K
}

